[2017-09-21 11:38:58,150] INFO Starting the log cleaner (kafka.log.LogCleaner)
[2017-09-21 11:38:58,153] INFO [kafka-log-cleaner-thread-0]: Starting (kafka.log.LogCleaner)
[2017-09-21 11:39:00,053] INFO The cleaning for partition clusterdb-topic3-0 is aborted and paused (kafka.log.LogCleaner)
[2017-09-21 11:39:00,055] INFO Compaction for partition clusterdb-topic3-0 is resumed (kafka.log.LogCleaner)
[2017-09-21 11:39:00,056] INFO The cleaning for partition clusterdb-topic3-0 is aborted (kafka.log.LogCleaner)
[2017-09-21 11:39:00,176] INFO The cleaning for partition clusterdb-topic1-0 is aborted and paused (kafka.log.LogCleaner)
[2017-09-21 11:39:00,177] INFO Compaction for partition clusterdb-topic1-0 is resumed (kafka.log.LogCleaner)
[2017-09-21 11:39:00,177] INFO The cleaning for partition clusterdb-topic1-0 is aborted (kafka.log.LogCleaner)
[2017-09-21 11:39:00,267] INFO The cleaning for partition clusterdb-topic2-0 is aborted and paused (kafka.log.LogCleaner)
[2017-09-21 11:39:00,267] INFO Compaction for partition clusterdb-topic2-0 is resumed (kafka.log.LogCleaner)
[2017-09-21 11:39:00,267] INFO The cleaning for partition clusterdb-topic2-0 is aborted (kafka.log.LogCleaner)
[2017-09-21 12:06:24,253] INFO Shutting down the log cleaner. (kafka.log.LogCleaner)
[2017-09-21 12:06:24,279] INFO [kafka-log-cleaner-thread-0]: Shutting down (kafka.log.LogCleaner)
[2017-09-21 12:06:24,279] INFO [kafka-log-cleaner-thread-0]: Stopped (kafka.log.LogCleaner)
[2017-09-21 12:06:24,279] INFO [kafka-log-cleaner-thread-0]: Shutdown completed (kafka.log.LogCleaner)
[2017-09-21 12:06:45,112] INFO Starting the log cleaner (kafka.log.LogCleaner)
[2017-09-21 12:06:45,115] INFO [kafka-log-cleaner-thread-0]: Starting (kafka.log.LogCleaner)
[2017-09-22 14:42:57,248] INFO Shutting down the log cleaner. (kafka.log.LogCleaner)
[2017-09-22 14:42:57,308] INFO [kafka-log-cleaner-thread-0]: Shutting down (kafka.log.LogCleaner)
[2017-09-22 14:42:57,308] INFO [kafka-log-cleaner-thread-0]: Stopped (kafka.log.LogCleaner)
[2017-09-22 14:42:57,308] INFO [kafka-log-cleaner-thread-0]: Shutdown completed (kafka.log.LogCleaner)
[2017-09-22 14:44:02,619] INFO Starting the log cleaner (kafka.log.LogCleaner)
[2017-09-22 14:44:02,638] INFO [kafka-log-cleaner-thread-0]: Starting (kafka.log.LogCleaner)
[2017-09-25 17:31:36,452] INFO Starting the log cleaner (kafka.log.LogCleaner)
[2017-09-25 17:31:36,460] INFO [kafka-log-cleaner-thread-0]: Starting (kafka.log.LogCleaner)
[2017-09-27 08:32:23,127] INFO Shutting down the log cleaner. (kafka.log.LogCleaner)
[2017-09-27 08:32:23,142] INFO [kafka-log-cleaner-thread-0]: Shutting down (kafka.log.LogCleaner)
[2017-09-27 08:32:23,142] INFO [kafka-log-cleaner-thread-0]: Stopped (kafka.log.LogCleaner)
[2017-09-27 08:32:23,142] INFO [kafka-log-cleaner-thread-0]: Shutdown completed (kafka.log.LogCleaner)
[2017-09-27 08:33:21,651] INFO Starting the log cleaner (kafka.log.LogCleaner)
[2017-09-27 08:33:21,656] INFO [kafka-log-cleaner-thread-0]: Starting (kafka.log.LogCleaner)
[2017-09-28 17:11:28,140] INFO Starting the log cleaner (kafka.log.LogCleaner)
[2017-09-28 17:11:28,148] INFO [kafka-log-cleaner-thread-0]: Starting (kafka.log.LogCleaner)
[2017-09-28 17:27:27,636] INFO Shutting down the log cleaner. (kafka.log.LogCleaner)
[2017-09-28 17:27:27,637] INFO [kafka-log-cleaner-thread-0]: Shutting down (kafka.log.LogCleaner)
[2017-09-28 17:27:27,637] INFO [kafka-log-cleaner-thread-0]: Stopped (kafka.log.LogCleaner)
[2017-09-28 17:27:27,637] INFO [kafka-log-cleaner-thread-0]: Shutdown completed (kafka.log.LogCleaner)
[2017-09-28 17:27:38,338] INFO Starting the log cleaner (kafka.log.LogCleaner)
[2017-09-28 17:27:38,341] INFO [kafka-log-cleaner-thread-0]: Starting (kafka.log.LogCleaner)
[2017-09-28 17:30:35,646] INFO Starting the log cleaner (kafka.log.LogCleaner)
[2017-09-28 17:30:35,648] INFO [kafka-log-cleaner-thread-0]: Starting (kafka.log.LogCleaner)
[2017-09-28 17:33:04,517] INFO Shutting down the log cleaner. (kafka.log.LogCleaner)
[2017-09-28 17:33:04,518] INFO [kafka-log-cleaner-thread-0]: Shutting down (kafka.log.LogCleaner)
[2017-09-28 17:33:04,519] INFO [kafka-log-cleaner-thread-0]: Stopped (kafka.log.LogCleaner)
[2017-09-28 17:33:04,519] INFO [kafka-log-cleaner-thread-0]: Shutdown completed (kafka.log.LogCleaner)
[2017-09-29 10:08:26,524] INFO Starting the log cleaner (kafka.log.LogCleaner)
[2017-09-29 10:08:26,540] INFO [kafka-log-cleaner-thread-0]: Starting (kafka.log.LogCleaner)
[2017-09-29 13:13:21,001] INFO Shutting down the log cleaner. (kafka.log.LogCleaner)
[2017-09-29 13:13:21,016] INFO [kafka-log-cleaner-thread-0]: Shutting down (kafka.log.LogCleaner)
[2017-09-29 13:13:21,016] INFO [kafka-log-cleaner-thread-0]: Stopped (kafka.log.LogCleaner)
[2017-09-29 13:13:21,016] INFO [kafka-log-cleaner-thread-0]: Shutdown completed (kafka.log.LogCleaner)
[2017-10-02 09:54:52,021] INFO Starting the log cleaner (kafka.log.LogCleaner)
[2017-10-02 09:54:52,037] INFO [kafka-log-cleaner-thread-0]: Starting (kafka.log.LogCleaner)
[2017-10-03 12:32:53,315] INFO Shutting down the log cleaner. (kafka.log.LogCleaner)
[2017-10-03 12:32:53,326] INFO [kafka-log-cleaner-thread-0]: Shutting down (kafka.log.LogCleaner)
[2017-10-03 12:32:53,326] INFO [kafka-log-cleaner-thread-0]: Stopped (kafka.log.LogCleaner)
[2017-10-03 12:32:53,326] INFO [kafka-log-cleaner-thread-0]: Shutdown completed (kafka.log.LogCleaner)
[2017-10-04 09:35:51,407] INFO Starting the log cleaner (kafka.log.LogCleaner)
[2017-10-04 09:35:51,416] INFO [kafka-log-cleaner-thread-0]: Starting (kafka.log.LogCleaner)
[2017-10-05 09:35:30,039] INFO Shutting down the log cleaner. (kafka.log.LogCleaner)
[2017-10-05 09:35:30,075] INFO [kafka-log-cleaner-thread-0]: Shutting down (kafka.log.LogCleaner)
[2017-10-05 09:35:30,075] INFO [kafka-log-cleaner-thread-0]: Stopped (kafka.log.LogCleaner)
[2017-10-05 09:35:30,075] INFO [kafka-log-cleaner-thread-0]: Shutdown completed (kafka.log.LogCleaner)
[2017-10-05 09:45:34,926] INFO Starting the log cleaner (kafka.log.LogCleaner)
[2017-10-05 09:45:34,928] INFO [kafka-log-cleaner-thread-0]: Starting (kafka.log.LogCleaner)
[2017-10-05 09:45:55,819] INFO Shutting down the log cleaner. (kafka.log.LogCleaner)
[2017-10-05 09:45:55,820] INFO [kafka-log-cleaner-thread-0]: Shutting down (kafka.log.LogCleaner)
[2017-10-05 09:45:55,820] INFO [kafka-log-cleaner-thread-0]: Stopped (kafka.log.LogCleaner)
[2017-10-05 09:45:55,820] INFO [kafka-log-cleaner-thread-0]: Shutdown completed (kafka.log.LogCleaner)
[2017-10-05 11:14:07,891] INFO Starting the log cleaner (kafka.log.LogCleaner)
[2017-10-05 11:14:07,911] INFO [kafka-log-cleaner-thread-0]: Starting (kafka.log.LogCleaner)
[2017-10-05 11:14:24,890] INFO Shutting down the log cleaner. (kafka.log.LogCleaner)
[2017-10-05 11:14:24,891] INFO [kafka-log-cleaner-thread-0]: Shutting down (kafka.log.LogCleaner)
[2017-10-05 11:14:24,891] INFO [kafka-log-cleaner-thread-0]: Stopped (kafka.log.LogCleaner)
[2017-10-05 11:14:24,891] INFO [kafka-log-cleaner-thread-0]: Shutdown completed (kafka.log.LogCleaner)
[2017-10-06 14:04:46,941] INFO Starting the log cleaner (kafka.log.LogCleaner)
[2017-10-06 14:04:46,957] INFO [kafka-log-cleaner-thread-0]: Starting (kafka.log.LogCleaner)
[2017-10-06 14:06:57,639] INFO Shutting down the log cleaner. (kafka.log.LogCleaner)
[2017-10-06 14:06:57,640] INFO [kafka-log-cleaner-thread-0]: Shutting down (kafka.log.LogCleaner)
[2017-10-06 14:06:57,640] INFO [kafka-log-cleaner-thread-0]: Shutdown completed (kafka.log.LogCleaner)
[2017-10-06 14:06:57,640] INFO [kafka-log-cleaner-thread-0]: Stopped (kafka.log.LogCleaner)
[2017-10-06 14:10:25,275] INFO Starting the log cleaner (kafka.log.LogCleaner)
[2017-10-06 14:10:25,281] INFO [kafka-log-cleaner-thread-0]: Starting (kafka.log.LogCleaner)
[2017-10-06 14:16:26,446] INFO Shutting down the log cleaner. (kafka.log.LogCleaner)
[2017-10-06 14:16:26,446] INFO [kafka-log-cleaner-thread-0]: Shutting down (kafka.log.LogCleaner)
[2017-10-06 14:16:26,447] INFO [kafka-log-cleaner-thread-0]: Shutdown completed (kafka.log.LogCleaner)
[2017-10-06 14:16:26,447] INFO [kafka-log-cleaner-thread-0]: Stopped (kafka.log.LogCleaner)
[2017-10-06 14:16:47,898] INFO Starting the log cleaner (kafka.log.LogCleaner)
[2017-10-06 14:16:47,901] INFO [kafka-log-cleaner-thread-0]: Starting (kafka.log.LogCleaner)
[2017-10-06 14:26:57,841] INFO Shutting down the log cleaner. (kafka.log.LogCleaner)
[2017-10-06 14:26:57,841] INFO [kafka-log-cleaner-thread-0]: Shutting down (kafka.log.LogCleaner)
[2017-10-06 14:26:57,842] INFO [kafka-log-cleaner-thread-0]: Shutdown completed (kafka.log.LogCleaner)
[2017-10-06 14:26:57,842] INFO [kafka-log-cleaner-thread-0]: Stopped (kafka.log.LogCleaner)
[2017-10-06 14:47:48,289] INFO Starting the log cleaner (kafka.log.LogCleaner)
[2017-10-06 14:47:48,293] INFO [kafka-log-cleaner-thread-0]: Starting (kafka.log.LogCleaner)
[2017-10-06 14:53:50,183] INFO Starting the log cleaner (kafka.log.LogCleaner)
[2017-10-06 14:53:50,187] INFO [kafka-log-cleaner-thread-0]: Starting (kafka.log.LogCleaner)
[2017-10-06 14:53:53,593] INFO Shutting down the log cleaner. (kafka.log.LogCleaner)
[2017-10-06 14:53:53,593] INFO [kafka-log-cleaner-thread-0]: Shutting down (kafka.log.LogCleaner)
[2017-10-06 14:53:53,594] INFO [kafka-log-cleaner-thread-0]: Shutdown completed (kafka.log.LogCleaner)
[2017-10-06 14:53:53,594] INFO [kafka-log-cleaner-thread-0]: Stopped (kafka.log.LogCleaner)
[2017-10-06 17:17:16,668] INFO Starting the log cleaner (kafka.log.LogCleaner)
[2017-10-06 17:17:16,722] INFO [kafka-log-cleaner-thread-0]: Starting (kafka.log.LogCleaner)
[2017-10-06 17:17:37,918] INFO Shutting down the log cleaner. (kafka.log.LogCleaner)
[2017-10-06 17:17:37,918] INFO [kafka-log-cleaner-thread-0]: Shutting down (kafka.log.LogCleaner)
[2017-10-06 17:17:37,919] INFO [kafka-log-cleaner-thread-0]: Stopped (kafka.log.LogCleaner)
[2017-10-06 17:17:37,919] INFO [kafka-log-cleaner-thread-0]: Shutdown completed (kafka.log.LogCleaner)
[2017-10-06 17:20:46,721] INFO Starting the log cleaner (kafka.log.LogCleaner)
[2017-10-06 17:20:46,724] INFO [kafka-log-cleaner-thread-0]: Starting (kafka.log.LogCleaner)
[2017-10-06 17:26:09,889] INFO Starting the log cleaner (kafka.log.LogCleaner)
[2017-10-06 17:26:09,923] INFO [kafka-log-cleaner-thread-0]: Starting (kafka.log.LogCleaner)
[2017-10-06 17:26:10,851] INFO Starting the log cleaner (kafka.log.LogCleaner)
[2017-10-06 17:26:11,173] INFO [kafka-log-cleaner-thread-0]: Starting (kafka.log.LogCleaner)
[2017-10-06 17:26:11,815] INFO Starting the log cleaner (kafka.log.LogCleaner)
[2017-10-06 17:26:11,882] INFO [kafka-log-cleaner-thread-0]: Starting (kafka.log.LogCleaner)
[2017-10-06 17:26:17,627] INFO Shutting down the log cleaner. (kafka.log.LogCleaner)
[2017-10-06 17:26:17,629] INFO [kafka-log-cleaner-thread-0]: Shutting down (kafka.log.LogCleaner)
[2017-10-06 17:26:17,629] INFO [kafka-log-cleaner-thread-0]: Shutdown completed (kafka.log.LogCleaner)
[2017-10-06 17:26:17,629] INFO [kafka-log-cleaner-thread-0]: Stopped (kafka.log.LogCleaner)
[2017-10-06 17:27:34,992] INFO Shutting down the log cleaner. (kafka.log.LogCleaner)
[2017-10-06 17:27:34,992] INFO [kafka-log-cleaner-thread-0]: Shutting down (kafka.log.LogCleaner)
[2017-10-06 17:27:34,992] INFO [kafka-log-cleaner-thread-0]: Stopped (kafka.log.LogCleaner)
[2017-10-06 17:27:34,992] INFO [kafka-log-cleaner-thread-0]: Shutdown completed (kafka.log.LogCleaner)
[2017-10-06 17:32:29,088] INFO Starting the log cleaner (kafka.log.LogCleaner)
[2017-10-06 17:32:29,170] INFO [kafka-log-cleaner-thread-0]: Starting (kafka.log.LogCleaner)
[2017-10-06 17:32:29,401] INFO Starting the log cleaner (kafka.log.LogCleaner)
[2017-10-06 17:32:29,436] INFO [kafka-log-cleaner-thread-0]: Starting (kafka.log.LogCleaner)
[2017-10-06 17:32:34,789] INFO Starting the log cleaner (kafka.log.LogCleaner)
[2017-10-06 17:32:34,792] INFO [kafka-log-cleaner-thread-0]: Starting (kafka.log.LogCleaner)
[2017-10-06 17:32:48,955] INFO Shutting down the log cleaner. (kafka.log.LogCleaner)
[2017-10-06 17:32:48,957] INFO [kafka-log-cleaner-thread-0]: Shutting down (kafka.log.LogCleaner)
[2017-10-06 17:32:48,958] INFO [kafka-log-cleaner-thread-0]: Stopped (kafka.log.LogCleaner)
[2017-10-06 17:32:48,958] INFO [kafka-log-cleaner-thread-0]: Shutdown completed (kafka.log.LogCleaner)
[2017-10-06 17:32:55,550] INFO Shutting down the log cleaner. (kafka.log.LogCleaner)
[2017-10-06 17:32:55,551] INFO [kafka-log-cleaner-thread-0]: Shutting down (kafka.log.LogCleaner)
[2017-10-06 17:32:55,551] INFO [kafka-log-cleaner-thread-0]: Stopped (kafka.log.LogCleaner)
[2017-10-06 17:32:55,551] INFO [kafka-log-cleaner-thread-0]: Shutdown completed (kafka.log.LogCleaner)
[2017-10-06 17:33:02,950] INFO Shutting down the log cleaner. (kafka.log.LogCleaner)
[2017-10-06 17:33:02,951] INFO [kafka-log-cleaner-thread-0]: Shutting down (kafka.log.LogCleaner)
[2017-10-06 17:33:02,951] INFO [kafka-log-cleaner-thread-0]: Stopped (kafka.log.LogCleaner)
[2017-10-06 17:33:02,951] INFO [kafka-log-cleaner-thread-0]: Shutdown completed (kafka.log.LogCleaner)
[2017-10-06 17:42:29,076] INFO Starting the log cleaner (kafka.log.LogCleaner)
[2017-10-06 17:42:29,306] INFO [kafka-log-cleaner-thread-0]: Starting (kafka.log.LogCleaner)
[2017-10-06 17:42:29,543] INFO Starting the log cleaner (kafka.log.LogCleaner)
[2017-10-06 17:42:29,600] INFO [kafka-log-cleaner-thread-0]: Starting (kafka.log.LogCleaner)
[2017-10-06 17:42:36,105] INFO Starting the log cleaner (kafka.log.LogCleaner)
[2017-10-06 17:42:36,109] INFO [kafka-log-cleaner-thread-0]: Starting (kafka.log.LogCleaner)
[2017-10-06 18:00:12,869] INFO Shutting down the log cleaner. (kafka.log.LogCleaner)
[2017-10-06 18:00:12,884] INFO [kafka-log-cleaner-thread-0]: Shutting down (kafka.log.LogCleaner)
[2017-10-06 18:00:12,885] INFO [kafka-log-cleaner-thread-0]: Shutdown completed (kafka.log.LogCleaner)
[2017-10-06 18:00:12,885] INFO [kafka-log-cleaner-thread-0]: Stopped (kafka.log.LogCleaner)
[2017-10-06 18:00:27,590] INFO Shutting down the log cleaner. (kafka.log.LogCleaner)
[2017-10-06 18:00:27,608] INFO [kafka-log-cleaner-thread-0]: Shutting down (kafka.log.LogCleaner)
[2017-10-06 18:00:27,608] INFO [kafka-log-cleaner-thread-0]: Stopped (kafka.log.LogCleaner)
[2017-10-06 18:00:27,608] INFO [kafka-log-cleaner-thread-0]: Shutdown completed (kafka.log.LogCleaner)
[2017-10-06 18:00:53,086] INFO Shutting down the log cleaner. (kafka.log.LogCleaner)
[2017-10-06 18:00:53,102] INFO [kafka-log-cleaner-thread-0]: Shutting down (kafka.log.LogCleaner)
[2017-10-06 18:00:53,102] INFO [kafka-log-cleaner-thread-0]: Shutdown completed (kafka.log.LogCleaner)
[2017-10-06 18:00:53,102] INFO [kafka-log-cleaner-thread-0]: Stopped (kafka.log.LogCleaner)
[2017-10-08 11:14:28,946] INFO Starting the log cleaner (kafka.log.LogCleaner)
[2017-10-08 11:14:29,058] INFO [kafka-log-cleaner-thread-0]: Starting (kafka.log.LogCleaner)
[2017-10-08 11:14:31,327] INFO Starting the log cleaner (kafka.log.LogCleaner)
[2017-10-08 11:14:31,401] INFO [kafka-log-cleaner-thread-0]: Starting (kafka.log.LogCleaner)
[2017-10-08 11:14:36,747] INFO Starting the log cleaner (kafka.log.LogCleaner)
[2017-10-08 11:14:36,758] INFO [kafka-log-cleaner-thread-0]: Starting (kafka.log.LogCleaner)
[2017-10-08 11:45:03,052] INFO Shutting down the log cleaner. (kafka.log.LogCleaner)
[2017-10-08 11:45:03,056] INFO [kafka-log-cleaner-thread-0]: Shutting down (kafka.log.LogCleaner)
[2017-10-08 11:45:03,056] INFO [kafka-log-cleaner-thread-0]: Shutdown completed (kafka.log.LogCleaner)
[2017-10-08 11:45:03,056] INFO [kafka-log-cleaner-thread-0]: Stopped (kafka.log.LogCleaner)
[2017-10-08 11:45:12,917] INFO Shutting down the log cleaner. (kafka.log.LogCleaner)
[2017-10-08 11:45:12,918] INFO [kafka-log-cleaner-thread-0]: Shutting down (kafka.log.LogCleaner)
[2017-10-08 11:45:12,918] INFO [kafka-log-cleaner-thread-0]: Stopped (kafka.log.LogCleaner)
[2017-10-08 11:45:12,918] INFO [kafka-log-cleaner-thread-0]: Shutdown completed (kafka.log.LogCleaner)
